<?xml version="1.0" encoding="UTF-8"?>
<testsuite xmlns:xsi="http://www.w3.org/2001/XMLSchema-instance" xsi:noNamespaceSchemaLocation="https://maven.apache.org/surefire/maven-surefire-plugin/xsd/surefire-test-report.xsd" name="com.atguigu.boot.test.MyTest" time="0.023" tests="3" errors="0" skipped="0" failures="0">
  <properties>
    <property name="sun.desktop" value="windows"/>
    <property name="awt.toolkit" value="sun.awt.windows.WToolkit"/>
    <property name="file.encoding.pkg" value="sun.io"/>
    <property name="java.specification.version" value="1.8"/>
    <property name="sun.cpu.isalist" value="amd64"/>
    <property name="sun.jnu.encoding" value="GBK"/>
    <property name="java.class.path" value="C:\Users\root\Desktop\spring\springboot3\boot2-002-junit5\target\test-classes;C:\Users\root\Desktop\spring\springboot3\boot2-002-junit5\target\classes;E:\apache-maven-3.8.6\MavenRepository\org\springframework\boot\spring-boot-starter-test\2.3.4.RELEASE\spring-boot-starter-test-2.3.4.RELEASE.jar;E:\apache-maven-3.8.6\MavenRepository\org\springframework\boot\spring-boot-starter\2.3.4.RELEASE\spring-boot-starter-2.3.4.RELEASE.jar;E:\apache-maven-3.8.6\MavenRepository\org\springframework\boot\spring-boot\2.3.4.RELEASE\spring-boot-2.3.4.RELEASE.jar;E:\apache-maven-3.8.6\MavenRepository\org\springframework\boot\spring-boot-autoconfigure\2.3.4.RELEASE\spring-boot-autoconfigure-2.3.4.RELEASE.jar;E:\apache-maven-3.8.6\MavenRepository\org\springframework\boot\spring-boot-starter-logging\2.3.4.RELEASE\spring-boot-starter-logging-2.3.4.RELEASE.jar;E:\apache-maven-3.8.6\MavenRepository\ch\qos\logback\logback-classic\1.2.3\logback-classic-1.2.3.jar;E:\apache-maven-3.8.6\MavenRepository\ch\qos\logback\logback-core\1.2.3\logback-core-1.2.3.jar;E:\apache-maven-3.8.6\MavenRepository\org\apache\logging\log4j\log4j-to-slf4j\2.13.3\log4j-to-slf4j-2.13.3.jar;E:\apache-maven-3.8.6\MavenRepository\org\apache\logging\log4j\log4j-api\2.13.3\log4j-api-2.13.3.jar;E:\apache-maven-3.8.6\MavenRepository\org\slf4j\jul-to-slf4j\1.7.30\jul-to-slf4j-1.7.30.jar;E:\apache-maven-3.8.6\MavenRepository\jakarta\annotation\jakarta.annotation-api\1.3.5\jakarta.annotation-api-1.3.5.jar;E:\apache-maven-3.8.6\MavenRepository\org\yaml\snakeyaml\1.26\snakeyaml-1.26.jar;E:\apache-maven-3.8.6\MavenRepository\org\springframework\boot\spring-boot-test\2.3.4.RELEASE\spring-boot-test-2.3.4.RELEASE.jar;E:\apache-maven-3.8.6\MavenRepository\org\springframework\boot\spring-boot-test-autoconfigure\2.3.4.RELEASE\spring-boot-test-autoconfigure-2.3.4.RELEASE.jar;E:\apache-maven-3.8.6\MavenRepository\com\jayway\jsonpath\json-path\2.4.0\json-path-2.4.0.jar;E:\apache-maven-3.8.6\MavenRepository\net\minidev\json-smart\2.3\json-smart-2.3.jar;E:\apache-maven-3.8.6\MavenRepository\net\minidev\accessors-smart\1.2\accessors-smart-1.2.jar;E:\apache-maven-3.8.6\MavenRepository\org\ow2\asm\asm\5.0.4\asm-5.0.4.jar;E:\apache-maven-3.8.6\MavenRepository\org\slf4j\slf4j-api\1.7.30\slf4j-api-1.7.30.jar;E:\apache-maven-3.8.6\MavenRepository\jakarta\xml\bind\jakarta.xml.bind-api\2.3.3\jakarta.xml.bind-api-2.3.3.jar;E:\apache-maven-3.8.6\MavenRepository\jakarta\activation\jakarta.activation-api\1.2.2\jakarta.activation-api-1.2.2.jar;E:\apache-maven-3.8.6\MavenRepository\org\assertj\assertj-core\3.16.1\assertj-core-3.16.1.jar;E:\apache-maven-3.8.6\MavenRepository\org\hamcrest\hamcrest\2.2\hamcrest-2.2.jar;E:\apache-maven-3.8.6\MavenRepository\org\junit\jupiter\junit-jupiter\5.6.2\junit-jupiter-5.6.2.jar;E:\apache-maven-3.8.6\MavenRepository\org\junit\jupiter\junit-jupiter-api\5.6.2\junit-jupiter-api-5.6.2.jar;E:\apache-maven-3.8.6\MavenRepository\org\opentest4j\opentest4j\1.2.0\opentest4j-1.2.0.jar;E:\apache-maven-3.8.6\MavenRepository\org\junit\platform\junit-platform-commons\1.6.2\junit-platform-commons-1.6.2.jar;E:\apache-maven-3.8.6\MavenRepository\org\junit\jupiter\junit-jupiter-params\5.6.2\junit-jupiter-params-5.6.2.jar;E:\apache-maven-3.8.6\MavenRepository\org\junit\jupiter\junit-jupiter-engine\5.6.2\junit-jupiter-engine-5.6.2.jar;E:\apache-maven-3.8.6\MavenRepository\org\junit\vintage\junit-vintage-engine\5.6.2\junit-vintage-engine-5.6.2.jar;E:\apache-maven-3.8.6\MavenRepository\org\apiguardian\apiguardian-api\1.1.0\apiguardian-api-1.1.0.jar;E:\apache-maven-3.8.6\MavenRepository\org\junit\platform\junit-platform-engine\1.6.2\junit-platform-engine-1.6.2.jar;E:\apache-maven-3.8.6\MavenRepository\junit\junit\4.13\junit-4.13.jar;E:\apache-maven-3.8.6\MavenRepository\org\mockito\mockito-core\3.3.3\mockito-core-3.3.3.jar;E:\apache-maven-3.8.6\MavenRepository\net\bytebuddy\byte-buddy\1.10.14\byte-buddy-1.10.14.jar;E:\apache-maven-3.8.6\MavenRepository\net\bytebuddy\byte-buddy-agent\1.10.14\byte-buddy-agent-1.10.14.jar;E:\apache-maven-3.8.6\MavenRepository\org\objenesis\objenesis\2.6\objenesis-2.6.jar;E:\apache-maven-3.8.6\MavenRepository\org\mockito\mockito-junit-jupiter\3.3.3\mockito-junit-jupiter-3.3.3.jar;E:\apache-maven-3.8.6\MavenRepository\org\skyscreamer\jsonassert\1.5.0\jsonassert-1.5.0.jar;E:\apache-maven-3.8.6\MavenRepository\com\vaadin\external\google\android-json\0.0.20131108.vaadin1\android-json-0.0.20131108.vaadin1.jar;E:\apache-maven-3.8.6\MavenRepository\org\springframework\spring-core\5.2.9.RELEASE\spring-core-5.2.9.RELEASE.jar;E:\apache-maven-3.8.6\MavenRepository\org\springframework\spring-jcl\5.2.9.RELEASE\spring-jcl-5.2.9.RELEASE.jar;E:\apache-maven-3.8.6\MavenRepository\org\springframework\spring-test\5.2.9.RELEASE\spring-test-5.2.9.RELEASE.jar;E:\apache-maven-3.8.6\MavenRepository\org\xmlunit\xmlunit-core\2.7.0\xmlunit-core-2.7.0.jar;E:\apache-maven-3.8.6\MavenRepository\org\springframework\boot\spring-boot-starter-web\2.3.4.RELEASE\spring-boot-starter-web-2.3.4.RELEASE.jar;E:\apache-maven-3.8.6\MavenRepository\org\springframework\boot\spring-boot-starter-json\2.3.4.RELEASE\spring-boot-starter-json-2.3.4.RELEASE.jar;E:\apache-maven-3.8.6\MavenRepository\com\fasterxml\jackson\core\jackson-databind\2.11.2\jackson-databind-2.11.2.jar;E:\apache-maven-3.8.6\MavenRepository\com\fasterxml\jackson\core\jackson-annotations\2.11.2\jackson-annotations-2.11.2.jar;E:\apache-maven-3.8.6\MavenRepository\com\fasterxml\jackson\core\jackson-core\2.11.2\jackson-core-2.11.2.jar;E:\apache-maven-3.8.6\MavenRepository\com\fasterxml\jackson\datatype\jackson-datatype-jdk8\2.11.2\jackson-datatype-jdk8-2.11.2.jar;E:\apache-maven-3.8.6\MavenRepository\com\fasterxml\jackson\datatype\jackson-datatype-jsr310\2.11.2\jackson-datatype-jsr310-2.11.2.jar;E:\apache-maven-3.8.6\MavenRepository\com\fasterxml\jackson\module\jackson-module-parameter-names\2.11.2\jackson-module-parameter-names-2.11.2.jar;E:\apache-maven-3.8.6\MavenRepository\org\springframework\boot\spring-boot-starter-tomcat\2.3.4.RELEASE\spring-boot-starter-tomcat-2.3.4.RELEASE.jar;E:\apache-maven-3.8.6\MavenRepository\org\apache\tomcat\embed\tomcat-embed-core\9.0.38\tomcat-embed-core-9.0.38.jar;E:\apache-maven-3.8.6\MavenRepository\org\glassfish\jakarta.el\3.0.3\jakarta.el-3.0.3.jar;E:\apache-maven-3.8.6\MavenRepository\org\apache\tomcat\embed\tomcat-embed-websocket\9.0.38\tomcat-embed-websocket-9.0.38.jar;E:\apache-maven-3.8.6\MavenRepository\org\springframework\spring-web\5.2.9.RELEASE\spring-web-5.2.9.RELEASE.jar;E:\apache-maven-3.8.6\MavenRepository\org\springframework\spring-beans\5.2.9.RELEASE\spring-beans-5.2.9.RELEASE.jar;E:\apache-maven-3.8.6\MavenRepository\org\springframework\spring-webmvc\5.2.9.RELEASE\spring-webmvc-5.2.9.RELEASE.jar;E:\apache-maven-3.8.6\MavenRepository\org\springframework\spring-aop\5.2.9.RELEASE\spring-aop-5.2.9.RELEASE.jar;E:\apache-maven-3.8.6\MavenRepository\org\springframework\spring-context\5.2.9.RELEASE\spring-context-5.2.9.RELEASE.jar;E:\apache-maven-3.8.6\MavenRepository\org\springframework\spring-expression\5.2.9.RELEASE\spring-expression-5.2.9.RELEASE.jar;E:\apache-maven-3.8.6\MavenRepository\org\projectlombok\lombok\1.18.12\lombok-1.18.12.jar;"/>
    <property name="java.vm.vendor" value="Oracle Corporation"/>
    <property name="sun.arch.data.model" value="64"/>
    <property name="user.variant" value=""/>
    <property name="java.vendor.url" value="http://java.oracle.com/"/>
    <property name="user.timezone" value="Asia/Shanghai"/>
    <property name="java.vm.specification.version" value="1.8"/>
    <property name="os.name" value="Windows 10"/>
    <property name="user.country" value="CN"/>
    <property name="sun.java.launcher" value="SUN_STANDARD"/>
    <property name="sun.boot.library.path" value="C:\Program Files\JDK\jdk1.8.0_131\jre\bin"/>
    <property name="sun.java.command" value="C:\Users\root\AppData\Local\Temp\surefire5146031484788578219\surefirebooter7705545433545518272.jar C:\Users\root\AppData\Local\Temp\surefire5146031484788578219 2023-01-07T18-26-21_991-jvmRun1 surefire1234188935784176717tmp surefire_08725893628344363669tmp"/>
    <property name="surefire.test.class.path" value="C:\Users\root\Desktop\spring\springboot3\boot2-002-junit5\target\test-classes;C:\Users\root\Desktop\spring\springboot3\boot2-002-junit5\target\classes;E:\apache-maven-3.8.6\MavenRepository\org\springframework\boot\spring-boot-starter-test\2.3.4.RELEASE\spring-boot-starter-test-2.3.4.RELEASE.jar;E:\apache-maven-3.8.6\MavenRepository\org\springframework\boot\spring-boot-starter\2.3.4.RELEASE\spring-boot-starter-2.3.4.RELEASE.jar;E:\apache-maven-3.8.6\MavenRepository\org\springframework\boot\spring-boot\2.3.4.RELEASE\spring-boot-2.3.4.RELEASE.jar;E:\apache-maven-3.8.6\MavenRepository\org\springframework\boot\spring-boot-autoconfigure\2.3.4.RELEASE\spring-boot-autoconfigure-2.3.4.RELEASE.jar;E:\apache-maven-3.8.6\MavenRepository\org\springframework\boot\spring-boot-starter-logging\2.3.4.RELEASE\spring-boot-starter-logging-2.3.4.RELEASE.jar;E:\apache-maven-3.8.6\MavenRepository\ch\qos\logback\logback-classic\1.2.3\logback-classic-1.2.3.jar;E:\apache-maven-3.8.6\MavenRepository\ch\qos\logback\logback-core\1.2.3\logback-core-1.2.3.jar;E:\apache-maven-3.8.6\MavenRepository\org\apache\logging\log4j\log4j-to-slf4j\2.13.3\log4j-to-slf4j-2.13.3.jar;E:\apache-maven-3.8.6\MavenRepository\org\apache\logging\log4j\log4j-api\2.13.3\log4j-api-2.13.3.jar;E:\apache-maven-3.8.6\MavenRepository\org\slf4j\jul-to-slf4j\1.7.30\jul-to-slf4j-1.7.30.jar;E:\apache-maven-3.8.6\MavenRepository\jakarta\annotation\jakarta.annotation-api\1.3.5\jakarta.annotation-api-1.3.5.jar;E:\apache-maven-3.8.6\MavenRepository\org\yaml\snakeyaml\1.26\snakeyaml-1.26.jar;E:\apache-maven-3.8.6\MavenRepository\org\springframework\boot\spring-boot-test\2.3.4.RELEASE\spring-boot-test-2.3.4.RELEASE.jar;E:\apache-maven-3.8.6\MavenRepository\org\springframework\boot\spring-boot-test-autoconfigure\2.3.4.RELEASE\spring-boot-test-autoconfigure-2.3.4.RELEASE.jar;E:\apache-maven-3.8.6\MavenRepository\com\jayway\jsonpath\json-path\2.4.0\json-path-2.4.0.jar;E:\apache-maven-3.8.6\MavenRepository\net\minidev\json-smart\2.3\json-smart-2.3.jar;E:\apache-maven-3.8.6\MavenRepository\net\minidev\accessors-smart\1.2\accessors-smart-1.2.jar;E:\apache-maven-3.8.6\MavenRepository\org\ow2\asm\asm\5.0.4\asm-5.0.4.jar;E:\apache-maven-3.8.6\MavenRepository\org\slf4j\slf4j-api\1.7.30\slf4j-api-1.7.30.jar;E:\apache-maven-3.8.6\MavenRepository\jakarta\xml\bind\jakarta.xml.bind-api\2.3.3\jakarta.xml.bind-api-2.3.3.jar;E:\apache-maven-3.8.6\MavenRepository\jakarta\activation\jakarta.activation-api\1.2.2\jakarta.activation-api-1.2.2.jar;E:\apache-maven-3.8.6\MavenRepository\org\assertj\assertj-core\3.16.1\assertj-core-3.16.1.jar;E:\apache-maven-3.8.6\MavenRepository\org\hamcrest\hamcrest\2.2\hamcrest-2.2.jar;E:\apache-maven-3.8.6\MavenRepository\org\junit\jupiter\junit-jupiter\5.6.2\junit-jupiter-5.6.2.jar;E:\apache-maven-3.8.6\MavenRepository\org\junit\jupiter\junit-jupiter-api\5.6.2\junit-jupiter-api-5.6.2.jar;E:\apache-maven-3.8.6\MavenRepository\org\opentest4j\opentest4j\1.2.0\opentest4j-1.2.0.jar;E:\apache-maven-3.8.6\MavenRepository\org\junit\platform\junit-platform-commons\1.6.2\junit-platform-commons-1.6.2.jar;E:\apache-maven-3.8.6\MavenRepository\org\junit\jupiter\junit-jupiter-params\5.6.2\junit-jupiter-params-5.6.2.jar;E:\apache-maven-3.8.6\MavenRepository\org\junit\jupiter\junit-jupiter-engine\5.6.2\junit-jupiter-engine-5.6.2.jar;E:\apache-maven-3.8.6\MavenRepository\org\junit\vintage\junit-vintage-engine\5.6.2\junit-vintage-engine-5.6.2.jar;E:\apache-maven-3.8.6\MavenRepository\org\apiguardian\apiguardian-api\1.1.0\apiguardian-api-1.1.0.jar;E:\apache-maven-3.8.6\MavenRepository\org\junit\platform\junit-platform-engine\1.6.2\junit-platform-engine-1.6.2.jar;E:\apache-maven-3.8.6\MavenRepository\junit\junit\4.13\junit-4.13.jar;E:\apache-maven-3.8.6\MavenRepository\org\mockito\mockito-core\3.3.3\mockito-core-3.3.3.jar;E:\apache-maven-3.8.6\MavenRepository\net\bytebuddy\byte-buddy\1.10.14\byte-buddy-1.10.14.jar;E:\apache-maven-3.8.6\MavenRepository\net\bytebuddy\byte-buddy-agent\1.10.14\byte-buddy-agent-1.10.14.jar;E:\apache-maven-3.8.6\MavenRepository\org\objenesis\objenesis\2.6\objenesis-2.6.jar;E:\apache-maven-3.8.6\MavenRepository\org\mockito\mockito-junit-jupiter\3.3.3\mockito-junit-jupiter-3.3.3.jar;E:\apache-maven-3.8.6\MavenRepository\org\skyscreamer\jsonassert\1.5.0\jsonassert-1.5.0.jar;E:\apache-maven-3.8.6\MavenRepository\com\vaadin\external\google\android-json\0.0.20131108.vaadin1\android-json-0.0.20131108.vaadin1.jar;E:\apache-maven-3.8.6\MavenRepository\org\springframework\spring-core\5.2.9.RELEASE\spring-core-5.2.9.RELEASE.jar;E:\apache-maven-3.8.6\MavenRepository\org\springframework\spring-jcl\5.2.9.RELEASE\spring-jcl-5.2.9.RELEASE.jar;E:\apache-maven-3.8.6\MavenRepository\org\springframework\spring-test\5.2.9.RELEASE\spring-test-5.2.9.RELEASE.jar;E:\apache-maven-3.8.6\MavenRepository\org\xmlunit\xmlunit-core\2.7.0\xmlunit-core-2.7.0.jar;E:\apache-maven-3.8.6\MavenRepository\org\springframework\boot\spring-boot-starter-web\2.3.4.RELEASE\spring-boot-starter-web-2.3.4.RELEASE.jar;E:\apache-maven-3.8.6\MavenRepository\org\springframework\boot\spring-boot-starter-json\2.3.4.RELEASE\spring-boot-starter-json-2.3.4.RELEASE.jar;E:\apache-maven-3.8.6\MavenRepository\com\fasterxml\jackson\core\jackson-databind\2.11.2\jackson-databind-2.11.2.jar;E:\apache-maven-3.8.6\MavenRepository\com\fasterxml\jackson\core\jackson-annotations\2.11.2\jackson-annotations-2.11.2.jar;E:\apache-maven-3.8.6\MavenRepository\com\fasterxml\jackson\core\jackson-core\2.11.2\jackson-core-2.11.2.jar;E:\apache-maven-3.8.6\MavenRepository\com\fasterxml\jackson\datatype\jackson-datatype-jdk8\2.11.2\jackson-datatype-jdk8-2.11.2.jar;E:\apache-maven-3.8.6\MavenRepository\com\fasterxml\jackson\datatype\jackson-datatype-jsr310\2.11.2\jackson-datatype-jsr310-2.11.2.jar;E:\apache-maven-3.8.6\MavenRepository\com\fasterxml\jackson\module\jackson-module-parameter-names\2.11.2\jackson-module-parameter-names-2.11.2.jar;E:\apache-maven-3.8.6\MavenRepository\org\springframework\boot\spring-boot-starter-tomcat\2.3.4.RELEASE\spring-boot-starter-tomcat-2.3.4.RELEASE.jar;E:\apache-maven-3.8.6\MavenRepository\org\apache\tomcat\embed\tomcat-embed-core\9.0.38\tomcat-embed-core-9.0.38.jar;E:\apache-maven-3.8.6\MavenRepository\org\glassfish\jakarta.el\3.0.3\jakarta.el-3.0.3.jar;E:\apache-maven-3.8.6\MavenRepository\org\apache\tomcat\embed\tomcat-embed-websocket\9.0.38\tomcat-embed-websocket-9.0.38.jar;E:\apache-maven-3.8.6\MavenRepository\org\springframework\spring-web\5.2.9.RELEASE\spring-web-5.2.9.RELEASE.jar;E:\apache-maven-3.8.6\MavenRepository\org\springframework\spring-beans\5.2.9.RELEASE\spring-beans-5.2.9.RELEASE.jar;E:\apache-maven-3.8.6\MavenRepository\org\springframework\spring-webmvc\5.2.9.RELEASE\spring-webmvc-5.2.9.RELEASE.jar;E:\apache-maven-3.8.6\MavenRepository\org\springframework\spring-aop\5.2.9.RELEASE\spring-aop-5.2.9.RELEASE.jar;E:\apache-maven-3.8.6\MavenRepository\org\springframework\spring-context\5.2.9.RELEASE\spring-context-5.2.9.RELEASE.jar;E:\apache-maven-3.8.6\MavenRepository\org\springframework\spring-expression\5.2.9.RELEASE\spring-expression-5.2.9.RELEASE.jar;E:\apache-maven-3.8.6\MavenRepository\org\projectlombok\lombok\1.18.12\lombok-1.18.12.jar;"/>
    <property name="sun.cpu.endian" value="little"/>
    <property name="user.home" value="C:\Users\root"/>
    <property name="user.language" value="zh"/>
    <property name="java.specification.vendor" value="Oracle Corporation"/>
    <property name="java.home" value="C:\Program Files\JDK\jdk1.8.0_131\jre"/>
    <property name="basedir" value="C:\Users\root\Desktop\spring\springboot3\boot2-002-junit5"/>
    <property name="file.separator" value="\"/>
    <property name="line.separator" value="&#10;"/>
    <property name="java.vm.specification.vendor" value="Oracle Corporation"/>
    <property name="java.specification.name" value="Java Platform API Specification"/>
    <property name="java.awt.graphicsenv" value="sun.awt.Win32GraphicsEnvironment"/>
    <property name="surefire.real.class.path" value="C:\Users\root\AppData\Local\Temp\surefire5146031484788578219\surefirebooter7705545433545518272.jar"/>
    <property name="sun.boot.class.path" value="C:\Program Files\JDK\jdk1.8.0_131\jre\lib\resources.jar;C:\Program Files\JDK\jdk1.8.0_131\jre\lib\rt.jar;C:\Program Files\JDK\jdk1.8.0_131\jre\lib\sunrsasign.jar;C:\Program Files\JDK\jdk1.8.0_131\jre\lib\jsse.jar;C:\Program Files\JDK\jdk1.8.0_131\jre\lib\jce.jar;C:\Program Files\JDK\jdk1.8.0_131\jre\lib\charsets.jar;C:\Program Files\JDK\jdk1.8.0_131\jre\lib\jfr.jar;C:\Program Files\JDK\jdk1.8.0_131\jre\classes"/>
    <property name="user.script" value=""/>
    <property name="sun.management.compiler" value="HotSpot 64-Bit Tiered Compilers"/>
    <property name="java.runtime.version" value="1.8.0_131-b11"/>
    <property name="user.name" value="root"/>
    <property name="path.separator" value=";"/>
    <property name="os.version" value="10.0"/>
    <property name="java.endorsed.dirs" value="C:\Program Files\JDK\jdk1.8.0_131\jre\lib\endorsed"/>
    <property name="java.runtime.name" value="Java(TM) SE Runtime Environment"/>
    <property name="file.encoding" value="GBK"/>
    <property name="java.vm.name" value="Java HotSpot(TM) 64-Bit Server VM"/>
    <property name="localRepository" value="E:\apache-maven-3.8.6\MavenRepository"/>
    <property name="java.vendor.url.bug" value="http://bugreport.sun.com/bugreport/"/>
    <property name="java.io.tmpdir" value="C:\Users\root\AppData\Local\Temp\"/>
    <property name="idea.version" value="2022.1.3"/>
    <property name="java.version" value="1.8.0_131"/>
    <property name="user.dir" value="C:\Users\root\Desktop\spring\springboot3\boot2-002-junit5"/>
    <property name="os.arch" value="amd64"/>
    <property name="java.vm.specification.name" value="Java Virtual Machine Specification"/>
    <property name="java.awt.printerjob" value="sun.awt.windows.WPrinterJob"/>
    <property name="sun.os.patch.level" value=""/>
    <property name="java.library.path" value="C:\Program Files\JDK\jdk1.8.0_131\jre\bin;C:\WINDOWS\Sun\Java\bin;C:\WINDOWS\system32;C:\WINDOWS;C:\WINDOWS\system32;C:\WINDOWS;C:\WINDOWS\System32\Wbem;C:\WINDOWS\System32\WindowsPowerShell\v1.0\;C:\WINDOWS\System32\OpenSSH\;C:\Program Files\MySQL\MySQL Server 8.0\bin;C:\Program Files\JDK\jdk1.8.0_131\bin;E:\apache-maven-3.8.6\bin;C:\Users\root\AppData\Local\Microsoft\WindowsApps;;."/>
    <property name="java.vm.info" value="mixed mode"/>
    <property name="java.vendor" value="Oracle Corporation"/>
    <property name="java.vm.version" value="25.131-b11"/>
    <property name="java.ext.dirs" value="C:\Program Files\JDK\jdk1.8.0_131\jre\lib\ext;C:\WINDOWS\Sun\Java\lib\ext"/>
    <property name="sun.io.unicode.encoding" value="UnicodeLittle"/>
    <property name="java.class.version" value="52.0"/>
  </properties>
  <testcase name="test1" classname="com.atguigu.boot.test.MyTest" time="0.011"/>
  <testcase name="test2" classname="com.atguigu.boot.test.MyTest" time="0"/>
  <testcase name="test3" classname="com.atguigu.boot.test.MyTest" time="0.001"/>
</testsuite>